This is pdfTeX, Version 3.1415926-2.3-1.40.12 (MiKTeX 2.9 64-bit) (preloaded format=pdflatex 2011.12.21)  26 JUN 2012 15:26
entering extended mode
**papermike.tex
("C:\Users\shadow\Documents\Lab 2012\GitHub\Phys4321\Muon\Latex\papermike.tex"
LaTeX2e <2011/06/27>
Babel <v3.8m> and hyphenation patterns for english, afrikaans, ancientgreek, ar
abic, armenian, assamese, basque, bengali, bokmal, bulgarian, catalan, coptic, 
croatian, czech, danish, dutch, esperanto, estonian, farsi, finnish, french, ga
lician, german, german-x-2009-06-19, greek, gujarati, hindi, hungarian, iceland
ic, indonesian, interlingua, irish, italian, kannada, kurmanji, lao, latin, lat
vian, lithuanian, malayalam, marathi, mongolian, mongolianlmc, monogreek, ngerm
an, ngerman-x-2009-06-19, nynorsk, oriya, panjabi, pinyin, polish, portuguese, 
romanian, russian, sanskrit, serbian, slovak, slovenian, spanish, swedish, swis
sgerman, tamil, telugu, turkish, turkmen, ukenglish, ukrainian, uppersorbian, u
senglishmax, welsh, loaded.
("C:\Program Files\MiKTeX29\tex\latex\base\article.cls"
Document Class: article 2007/10/19 v1.4h Standard LaTeX document class
("C:\Program Files\MiKTeX29\tex\latex\base\size12.clo"
File: size12.clo 2007/10/19 v1.4h Standard LaTeX file (size option)
)
\c@part=\count79
\c@section=\count80
\c@subsection=\count81
\c@subsubsection=\count82
\c@paragraph=\count83
\c@subparagraph=\count84
\c@figure=\count85
\c@table=\count86
\abovecaptionskip=\skip41
\belowcaptionskip=\skip42
\bibindent=\dimen102
)
("C:\Program Files\MiKTeX29\tex\latex\geometry\geometry.sty"
Package: geometry 2010/09/12 v5.6 Page Geometry

("C:\Program Files\MiKTeX29\tex\latex\graphics\keyval.sty"
Package: keyval 1999/03/16 v1.13 key=value parser (DPC)
\KV@toks@=\toks14
)
("C:\Program Files\MiKTeX29\tex\generic\oberdiek\ifpdf.sty"
Package: ifpdf 2011/01/30 v2.3 Provides the ifpdf switch (HO)
Package ifpdf Info: pdfTeX in PDF mode is detected.
)
("C:\Program Files\MiKTeX29\tex\generic\oberdiek\ifvtex.sty"
Package: ifvtex 2010/03/01 v1.5 Switches for detecting VTeX and its modes (HO)
Package ifvtex Info: VTeX not detected.
)
("C:\Program Files\MiKTeX29\tex\generic\ifxetex\ifxetex.sty"
Package: ifxetex 2010/09/12 v0.6 Provides ifxetex conditional
)
\Gm@cnth=\count87
\Gm@cntv=\count88
\c@Gm@tempcnt=\count89
\Gm@bindingoffset=\dimen103
\Gm@wd@mp=\dimen104
\Gm@odd@mp=\dimen105
\Gm@even@mp=\dimen106
\Gm@layoutwidth=\dimen107
\Gm@layoutheight=\dimen108
\Gm@layouthoffset=\dimen109
\Gm@layoutvoffset=\dimen110
\Gm@dimlist=\toks15

("C:\Program Files\MiKTeX29\tex\latex\geometry\geometry.cfg"))
("C:\Program Files\MiKTeX29\tex\latex\graphics\graphicx.sty"
Package: graphicx 1999/02/16 v1.0f Enhanced LaTeX Graphics (DPC,SPQR)

("C:\Program Files\MiKTeX29\tex\latex\graphics\graphics.sty"
Package: graphics 2009/02/05 v1.0o Standard LaTeX Graphics (DPC,SPQR)

("C:\Program Files\MiKTeX29\tex\latex\graphics\trig.sty"
Package: trig 1999/03/16 v1.09 sin cos tan (DPC)
)
("C:\Program Files\MiKTeX29\tex\latex\00miktex\graphics.cfg"
File: graphics.cfg 2007/01/18 v1.5 graphics configuration of teTeX/TeXLive
)
Package graphics Info: Driver file: pdftex.def on input line 91.

("C:\Program Files\MiKTeX29\tex\latex\pdftex-def\pdftex.def"
File: pdftex.def 2011/05/27 v0.06d Graphics/color for pdfTeX

("C:\Program Files\MiKTeX29\tex\generic\oberdiek\infwarerr.sty"
Package: infwarerr 2010/04/08 v1.3 Providing info/warning/message (HO)
)
("C:\Program Files\MiKTeX29\tex\generic\oberdiek\ltxcmds.sty"
Package: ltxcmds 2011/04/18 v1.20 LaTeX kernel commands for general use (HO)
)
\Gread@gobject=\count90
))
\Gin@req@height=\dimen111
\Gin@req@width=\dimen112
)
("C:\Program Files\MiKTeX29\tex\latex\cite\cite.sty"
LaTeX Info: Redefining \cite on input line 302.
LaTeX Info: Redefining \nocite on input line 373.
Package: cite 2010/09/10  v 5.3
)
("C:\Users\shadow\Documents\Lab 2012\GitHub\Phys4321\Muon\Latex\papermike.aux"

LaTeX Warning: Label `eq:probability' multiply defined.


LaTeX Warning: Label `fig:fit1' multiply defined.


LaTeX Warning: Label `fig:fit1' multiply defined.

)
LaTeX Font Info:    Checking defaults for OML/cmm/m/it on input line 9.
LaTeX Font Info:    ... okay on input line 9.
LaTeX Font Info:    Checking defaults for T1/cmr/m/n on input line 9.
LaTeX Font Info:    ... okay on input line 9.
LaTeX Font Info:    Checking defaults for OT1/cmr/m/n on input line 9.
LaTeX Font Info:    ... okay on input line 9.
LaTeX Font Info:    Checking defaults for OMS/cmsy/m/n on input line 9.
LaTeX Font Info:    ... okay on input line 9.
LaTeX Font Info:    Checking defaults for OMX/cmex/m/n on input line 9.
LaTeX Font Info:    ... okay on input line 9.
LaTeX Font Info:    Checking defaults for U/cmr/m/n on input line 9.
LaTeX Font Info:    ... okay on input line 9.

*geometry* driver: auto-detecting
*geometry* detected driver: pdftex
*geometry* verbose mode - [ preamble ] result:
* driver: pdftex
* paper: <default>
* layout: <same size as paper>
* layoutoffset:(h,v)=(0.0pt,0.0pt)
* modes: 
* h-part:(L,W,R)=(50.58878pt, 513.11745pt, 50.58878pt)
* v-part:(T,H,B)=(50.58878pt, 693.79243pt, 50.58878pt)
* \paperwidth=614.295pt
* \paperheight=794.96999pt
* \textwidth=513.11745pt
* \textheight=693.79243pt
* \oddsidemargin=-21.68121pt
* \evensidemargin=-21.68121pt
* \topmargin=-58.68121pt
* \headheight=12.0pt
* \headsep=25.0pt
* \topskip=12.0pt
* \footskip=30.0pt
* \marginparwidth=4.0pt
* \marginparsep=10.0pt
* \columnsep=10.0pt
* \skip\footins=10.8pt plus 4.0pt minus 2.0pt
* \hoffset=0.0pt
* \voffset=0.0pt
* \mag=1000
* \@twocolumntrue
* \@twosidefalse
* \@mparswitchfalse
* \@reversemarginfalse
* (1in=72.27pt=25.4mm, 1cm=28.453pt)

("C:\Program Files\MiKTeX29\tex\context\base\supp-pdf.mkii"
[Loading MPS to PDF converter (version 2006.09.02).]
\scratchcounter=\count91
\scratchdimen=\dimen113
\scratchbox=\box26
\nofMPsegments=\count92
\nofMParguments=\count93
\everyMPshowfont=\toks16
\MPscratchCnt=\count94
\MPscratchDim=\dimen114
\MPnumerator=\count95
\makeMPintoPDFobject=\count96
\everyMPtoPDFconversion=\toks17
)
LaTeX Font Info:    External font `cmex10' loaded for size
(Font)              <14.4> on input line 14.
LaTeX Font Info:    External font `cmex10' loaded for size
(Font)              <7> on input line 14.
LaTeX Font Info:    External font `cmex10' loaded for size
(Font)              <12> on input line 18.
LaTeX Font Info:    External font `cmex10' loaded for size
(Font)              <8> on input line 18.
LaTeX Font Info:    External font `cmex10' loaded for size
(Font)              <6> on input line 18.
Missing character: There is no ‚ in font cmr12!
Missing character: There is no Ä in font cmr12!
Missing character: There is no ô in font cmr12!
Missing character: There is no ‚ in font cmr12!
Missing character: There is no Ä in font cmr12!
Missing character: There is no ù in font cmr12!
Missing character: There is no ‚ in font cmr12!
Missing character: There is no Ä in font cmr12!
Missing character: There is no ù in font cmr12!
Missing character: There is no Œ in font cmr12!
Missing character: There is no º in font cmr12!


LaTeX Warning: Citation `COSBUL' on page 1 undefined on input line 22.

Missing character: There is no ¬ in font cmr12!
Missing character: There is no ± in font cmr12!
Missing character: There is no Œ in font cmr12!
Missing character: There is no º in font cmr12!

LaTeX Warning: Citation `PDG' on page 1 undefined on input line 22.


LaTeX Warning: Citation `PDG' on page 1 undefined on input line 22.

Missing character: There is no ‚ in font cmr12!
Missing character: There is no Ä in font cmr12!
Missing character: There is no ô in font cmr12!

LaTeX Warning: Citation `COSBUL' on page 1 undefined on input line 22.


LaTeX Warning: Citation `COSBUL' on page 1 undefined on input line 22.

<images/Cosmic.png, id=1, 600.74437pt x 713.66624pt>
File: images/Cosmic.png Graphic file (type png)
 <use images/Cosmic.png>
Package pdftex.def Info: images/Cosmic.png used on input line 26.
(pdftex.def)             Requested size: 216.81pt x 257.56213pt.


LaTeX Warning: `!h' float specifier changed to `!ht'.


Underfull \vbox (badness 1831) has occurred while \output is active []

 [1{C:/ProgramData/MiKTeX/2.9/pdftex/config/pdftex.map}


]

LaTeX Warning: Citation `PDG' on page 2 undefined on input line 43.


LaTeX Warning: Citation `MUON' on page 2 undefined on input line 43.


LaTeX Warning: Citation `MUON' on page 2 undefined on input line 44.

[2 <C:/Users/shadow/Documents/Lab 2012/GitHub/Phys4321/Muon/Latex/images/Cosmic
.png>] <images/scintillatorevents.png, id=19, 517.935pt x 404.51125pt>
File: images/scintillatorevents.png Graphic file (type png)

<use images/scintillatorevents.png>
Package pdftex.def Info: images/scintillatorevents.png used on input line 95.
(pdftex.def)             Requested size: 216.81pt x 169.33188pt.

<images/Photo.jpg, id=20, 643.7164pt x 482.98476pt>
File: images/Photo.jpg Graphic file (type jpg)
 <use images/Photo.jpg>
Package pdftex.def Info: images/Photo.jpg used on input line 101.
(pdftex.def)             Requested size: 216.81pt x 162.67236pt.


LaTeX Warning: `!h' float specifier changed to `!ht'.


LaTeX Warning: Citation `PDG' on page 3 undefined on input line 105.

Missing character: There is no ‚ in font cmr12!
Missing character: There is no Ä in font cmr12!
Missing character: There is no ú in font cmr12!
Missing character: There is no ‚ in font cmr12!
Missing character: There is no Ä in font cmr12!
Missing character: There is no ú in font cmr12!
Missing character: There is no ‚ in font cmr12!
Missing character: There is no Ä in font cmr12!
Missing character: There is no ù in font cmr12!
Missing character: There is no ‚ in font cmr12!
Missing character: There is no Ä in font cmr12!
Missing character: There is no ù in font cmr12!
Missing character: There is no Œ in font cmr12!
Missing character: There is no ≥ in font cmr12!
Missing character: There is no Œ in font cmr12!
Missing character: There is no ≥ in font cmr12!
Missing character: There is no ‚ in font cmr12!
Missing character: There is no Ü in font cmr12!
Missing character: There is no í in font cmr12!
Missing character: There is no Œ in font cmr12!
Missing character: There is no ≥ in font cmr12!
Missing character: There is no ‚ in font cmr12!
Missing character: There is no Ü in font cmr12!
Missing character: There is no í in font cmr12!
Missing character: There is no Œ in font cmr12!
Missing character: There is no ≥ in font cmr12!
[3 <C:/Users/shadow/Documents/Lab 2012/GitHub/Phys4321/Muon/Latex/images/scinti
llatorevents.png (PNG copy)>]
Underfull \vbox (badness 10000) has occurred while \output is active []


<images/Histogram-eps-converted-to.pdf, id=24, 340.27126pt x 284.06125pt>
File: images/Histogram-eps-converted-to.pdf Graphic file (type pdf)

<use images/Histogram-eps-converted-to.pdf>
Package pdftex.def Info: images/Histogram-eps-converted-to.pdf used on input li
ne 113.
(pdftex.def)             Requested size: 216.81pt x 180.99669pt.
 [4 <C:/Users/shadow/Documents/Lab 2012/GitHub/Phys4321/Muon/Latex/images/Photo
.jpg> <C:/Users/shadow/Documents/Lab 2012/GitHub/Phys4321/Muon/Latex/images/His
togram-eps-converted-to.pdf>]
<images/fit1-eps-converted-to.pdf, id=62, 289.08pt x 289.08pt>
File: images/fit1-eps-converted-to.pdf Graphic file (type pdf)

<use images/fit1-eps-converted-to.pdf>
Package pdftex.def Info: images/fit1-eps-converted-to.pdf used on input line 13
2.
(pdftex.def)             Requested size: 216.81pt x 216.80946pt.

<images/hist1.png, id=63, 417.05812pt x 319.1925pt>
File: images/hist1.png Graphic file (type png)
 <use images/hist1.png>
Package pdftex.def Info: images/hist1.png used on input line 141.
(pdftex.def)             Requested size: 216.81pt x 165.93721pt.


LaTeX Warning: `!h' float specifier changed to `!ht'.

<images/hist2.png, id=64, 417.05812pt x 319.1925pt>
File: images/hist2.png Graphic file (type png)
 <use images/hist2.png>
Package pdftex.def Info: images/hist2.png used on input line 147.
(pdftex.def)             Requested size: 216.81pt x 165.93721pt.


LaTeX Warning: `!h' float specifier changed to `!ht'.


Underfull \vbox (badness 2781) has occurred while \output is active []

 [5 <C:/Users/shadow/Documents/Lab 2012/GitHub/Phys4321/Muon/Latex/images/fit1-
eps-converted-to.pdf> <C:/Users/shadow/Documents/Lab 2012/GitHub/Phys4321/Muon/
Latex/images/hist1.png (PNG copy)> <C:/Users/shadow/Documents/Lab 2012/GitHub/P
hys4321/Muon/Latex/images/hist2.png (PNG copy)>]
("C:\Users\shadow\Documents\Lab 2012\GitHub\Phys4321\Muon\Latex\papermike.bbl"
Underfull \hbox (badness 2478) in paragraph at lines 14--17
[]\OT1/cmr/m/n/12 J.Beringer et al. (Par-ti-cle Data Group).
 []

) <images/Muon2.pdf, id=86, 614.295pt x 794.97pt>
File: images/Muon2.pdf Graphic file (type pdf)
 <use images/Muon2.pdf>
Package pdftex.def Info: images/Muon2.pdf used on input line 171.
(pdftex.def)             Requested size: 433.62pt x 561.15749pt.

Overfull \hbox (182.06128pt too wide) in paragraph at lines 171--172
 [][] 
 []

[6 <C:/Users/shadow/Documents/Lab 2012/GitHub/Phys4321/Muon/Latex/images/Muon2.
pdf>]
("C:\Users\shadow\Documents\Lab 2012\GitHub\Phys4321\Muon\Latex\papermike.aux")

LaTeX Warning: There were undefined references.


LaTeX Warning: There were multiply-defined labels.

 ) 
Here is how much of TeX's memory you used:
 1775 strings out of 494045
 24718 string characters out of 3149189
 87003 words of memory out of 3000000
 5077 multiletter control sequences out of 15000+200000
 8848 words of font info for 31 fonts, out of 3000000 for 9000
 715 hyphenation exceptions out of 8191
 27i,7n,32p,1933b,217s stack positions out of 5000i,500n,10000p,200000b,50000s
<C:/Program Files/MiKTeX29/fonts/type1/public/amsfonts/cm/cmbx12.pfb><C:/Prog
ram Files/MiKTeX29/fonts/type1/public/amsfonts/cm/cmex10.pfb><C:/Program Files/
MiKTeX29/fonts/type1/public/amsfonts/cm/cmmi12.pfb><C:/Program Files/MiKTeX29/f
onts/type1/public/amsfonts/cm/cmmi8.pfb><C:/Program Files/MiKTeX29/fonts/type1/
public/amsfonts/cm/cmr12.pfb><C:/Program Files/MiKTeX29/fonts/type1/public/amsf
onts/cm/cmr17.pfb><C:/Program Files/MiKTeX29/fonts/type1/public/amsfonts/cm/cmr
6.pfb><C:/Program Files/MiKTeX29/fonts/type1/public/amsfonts/cm/cmr8.pfb><C:/Pr
ogram Files/MiKTeX29/fonts/type1/public/amsfonts/cm/cmsy10.pfb><C:/Program File
s/MiKTeX29/fonts/type1/public/amsfonts/cm/cmsy8.pfb><C:/Program Files/MiKTeX29/
fonts/type1/public/amsfonts/cm/cmti12.pfb><C:/Program Files/MiKTeX29/fonts/type
1/urw/helvetic/uhvr8a.pfb>
Output written on papermike.pdf (6 pages, 647257 bytes).
PDF statistics:
 139 PDF objects out of 1000 (max. 8388607)
 0 named destinations out of 1000 (max. 500000)
 41 words of extra memory for PDF output out of 10000 (max. 10000000)

