This is pdfTeX, Version 3.1415926-2.3-1.40.12 (MiKTeX 2.9 64-bit) (preloaded format=pdflatex 2011.12.21)  12 JUL 2012 12:18
entering extended mode
**paper2.tex
("C:\Users\shadow\Documents\Lab 2012\GitHub\Phys4321\Two Slit\Latex\paper2.tex"
LaTeX2e <2011/06/27>
Babel <v3.8m> and hyphenation patterns for english, afrikaans, ancientgreek, ar
abic, armenian, assamese, basque, bengali, bokmal, bulgarian, catalan, coptic, 
croatian, czech, danish, dutch, esperanto, estonian, farsi, finnish, french, ga
lician, german, german-x-2009-06-19, greek, gujarati, hindi, hungarian, iceland
ic, indonesian, interlingua, irish, italian, kannada, kurmanji, lao, latin, lat
vian, lithuanian, malayalam, marathi, mongolian, mongolianlmc, monogreek, ngerm
an, ngerman-x-2009-06-19, nynorsk, oriya, panjabi, pinyin, polish, portuguese, 
romanian, russian, sanskrit, serbian, slovak, slovenian, spanish, swedish, swis
sgerman, tamil, telugu, turkish, turkmen, ukenglish, ukrainian, uppersorbian, u
senglishmax, welsh, loaded.
("C:\Program Files\MiKTeX29\tex\latex\base\article.cls"
Document Class: article 2007/10/19 v1.4h Standard LaTeX document class
("C:\Program Files\MiKTeX29\tex\latex\base\size12.clo"
File: size12.clo 2007/10/19 v1.4h Standard LaTeX file (size option)
)
\c@part=\count79
\c@section=\count80
\c@subsection=\count81
\c@subsubsection=\count82
\c@paragraph=\count83
\c@subparagraph=\count84
\c@figure=\count85
\c@table=\count86
\abovecaptionskip=\skip41
\belowcaptionskip=\skip42
\bibindent=\dimen102
)
("C:\Program Files\MiKTeX29\tex\latex\geometry\geometry.sty"
Package: geometry 2010/09/12 v5.6 Page Geometry

("C:\Program Files\MiKTeX29\tex\latex\graphics\keyval.sty"
Package: keyval 1999/03/16 v1.13 key=value parser (DPC)
\KV@toks@=\toks14
)
("C:\Program Files\MiKTeX29\tex\generic\oberdiek\ifpdf.sty"
Package: ifpdf 2011/01/30 v2.3 Provides the ifpdf switch (HO)
Package ifpdf Info: pdfTeX in PDF mode is detected.
)
("C:\Program Files\MiKTeX29\tex\generic\oberdiek\ifvtex.sty"
Package: ifvtex 2010/03/01 v1.5 Switches for detecting VTeX and its modes (HO)
Package ifvtex Info: VTeX not detected.
)
("C:\Program Files\MiKTeX29\tex\generic\ifxetex\ifxetex.sty"
Package: ifxetex 2010/09/12 v0.6 Provides ifxetex conditional
)
\Gm@cnth=\count87
\Gm@cntv=\count88
\c@Gm@tempcnt=\count89
\Gm@bindingoffset=\dimen103
\Gm@wd@mp=\dimen104
\Gm@odd@mp=\dimen105
\Gm@even@mp=\dimen106
\Gm@layoutwidth=\dimen107
\Gm@layoutheight=\dimen108
\Gm@layouthoffset=\dimen109
\Gm@layoutvoffset=\dimen110
\Gm@dimlist=\toks15

("C:\Program Files\MiKTeX29\tex\latex\geometry\geometry.cfg"))
("C:\Program Files\MiKTeX29\tex\latex\graphics\graphicx.sty"
Package: graphicx 1999/02/16 v1.0f Enhanced LaTeX Graphics (DPC,SPQR)

("C:\Program Files\MiKTeX29\tex\latex\graphics\graphics.sty"
Package: graphics 2009/02/05 v1.0o Standard LaTeX Graphics (DPC,SPQR)

("C:\Program Files\MiKTeX29\tex\latex\graphics\trig.sty"
Package: trig 1999/03/16 v1.09 sin cos tan (DPC)
)
("C:\Program Files\MiKTeX29\tex\latex\00miktex\graphics.cfg"
File: graphics.cfg 2007/01/18 v1.5 graphics configuration of teTeX/TeXLive
)
Package graphics Info: Driver file: pdftex.def on input line 91.

("C:\Program Files\MiKTeX29\tex\latex\pdftex-def\pdftex.def"
File: pdftex.def 2011/05/27 v0.06d Graphics/color for pdfTeX

("C:\Program Files\MiKTeX29\tex\generic\oberdiek\infwarerr.sty"
Package: infwarerr 2010/04/08 v1.3 Providing info/warning/message (HO)
)
("C:\Program Files\MiKTeX29\tex\generic\oberdiek\ltxcmds.sty"
Package: ltxcmds 2011/04/18 v1.20 LaTeX kernel commands for general use (HO)
)
\Gread@gobject=\count90
))
\Gin@req@height=\dimen111
\Gin@req@width=\dimen112
)
("C:\Program Files\MiKTeX29\tex\latex\cite\cite.sty"
LaTeX Info: Redefining \cite on input line 302.
LaTeX Info: Redefining \nocite on input line 373.
Package: cite 2010/09/10  v 5.3
)
("C:\Users\shadow\Documents\Lab 2012\GitHub\Phys4321\Two Slit\Latex\paper2.aux"

LaTeX Warning: Label `fig:eq' multiply defined.

)
LaTeX Font Info:    Checking defaults for OML/cmm/m/it on input line 9.
LaTeX Font Info:    ... okay on input line 9.
LaTeX Font Info:    Checking defaults for T1/cmr/m/n on input line 9.
LaTeX Font Info:    ... okay on input line 9.
LaTeX Font Info:    Checking defaults for OT1/cmr/m/n on input line 9.
LaTeX Font Info:    ... okay on input line 9.
LaTeX Font Info:    Checking defaults for OMS/cmsy/m/n on input line 9.
LaTeX Font Info:    ... okay on input line 9.
LaTeX Font Info:    Checking defaults for OMX/cmex/m/n on input line 9.
LaTeX Font Info:    ... okay on input line 9.
LaTeX Font Info:    Checking defaults for U/cmr/m/n on input line 9.
LaTeX Font Info:    ... okay on input line 9.

*geometry* driver: auto-detecting
*geometry* detected driver: pdftex
*geometry* verbose mode - [ preamble ] result:
* driver: pdftex
* paper: <default>
* layout: <same size as paper>
* layoutoffset:(h,v)=(0.0pt,0.0pt)
* modes: 
* h-part:(L,W,R)=(50.58878pt, 513.11745pt, 50.58878pt)
* v-part:(T,H,B)=(50.58878pt, 693.79243pt, 50.58878pt)
* \paperwidth=614.295pt
* \paperheight=794.96999pt
* \textwidth=513.11745pt
* \textheight=693.79243pt
* \oddsidemargin=-21.68121pt
* \evensidemargin=-21.68121pt
* \topmargin=-58.68121pt
* \headheight=12.0pt
* \headsep=25.0pt
* \topskip=12.0pt
* \footskip=30.0pt
* \marginparwidth=4.0pt
* \marginparsep=10.0pt
* \columnsep=10.0pt
* \skip\footins=10.8pt plus 4.0pt minus 2.0pt
* \hoffset=0.0pt
* \voffset=0.0pt
* \mag=1000
* \@twocolumntrue
* \@twosidefalse
* \@mparswitchfalse
* \@reversemarginfalse
* (1in=72.27pt=25.4mm, 1cm=28.453pt)

("C:\Program Files\MiKTeX29\tex\context\base\supp-pdf.mkii"
[Loading MPS to PDF converter (version 2006.09.02).]
\scratchcounter=\count91
\scratchdimen=\dimen113
\scratchbox=\box26
\nofMPsegments=\count92
\nofMParguments=\count93
\everyMPshowfont=\toks16
\MPscratchCnt=\count94
\MPscratchDim=\dimen114
\MPnumerator=\count95
\makeMPintoPDFobject=\count96
\everyMPtoPDFconversion=\toks17
)
LaTeX Font Info:    External font `cmex10' loaded for size
(Font)              <14.4> on input line 14.
LaTeX Font Info:    External font `cmex10' loaded for size
(Font)              <7> on input line 14.
 <images/sinslit.png, id=1, 262.73157pt x 227.34938pt>
File: images/sinslit.png Graphic file (type png)

<use images/sinslit.png>
Package pdftex.def Info: images/sinslit.png used on input line 31.
(pdftex.def)             Requested size: 216.81pt x 187.61758pt.


LaTeX Warning: `!h' float specifier changed to `!ht'.

Missing character: There is no ‚ in font cmr12!
Missing character: There is no Ä in font cmr12!
Missing character: There is no ô in font cmr12!
Missing character: There is no ‚ in font cmr12!
Missing character: There is no Ä in font cmr12!
Missing character: There is no ô in font cmr12!
Missing character: There is no ‚ in font cmr12!
Missing character: There is no Ä in font cmr12!
Missing character: There is no ù in font cmr12!

Underfull \vbox (badness 3492) has occurred while \output is active []

 [1{C:/ProgramData/MiKTeX/2.9/pdftex/config/pdftex.map}


 <C:/Users/shadow/Documents/Lab 2012/GitHub/Phys4321/Two Slit/Latex/images/sins
lit.png>]
Underfull \vbox (badness 10000) has occurred while \output is active []


<images/Equations.png, id=11, 600.74437pt x 713.66624pt>
File: images/Equations.png Graphic file (type png)

<use images/Equations.png>
Package pdftex.def Info: images/Equations.png used on input line 42.
(pdftex.def)             Requested size: 216.81pt x 257.56213pt.
LaTeX Font Info:    External font `cmex10' loaded for size
(Font)              <12> on input line 46.
LaTeX Font Info:    External font `cmex10' loaded for size
(Font)              <8> on input line 46.
LaTeX Font Info:    External font `cmex10' loaded for size
(Font)              <6> on input line 46.


LaTeX Warning: Reference `fig:sinslit' on page 2 undefined on input line 53.

Missing character: There is no ‚ in font cmr12!
Missing character: There is no Ä in font cmr12!
Missing character: There is no ô in font cmr12!
Missing character: There is no ‚ in font cmr12!
Missing character: There is no à in font cmr12!
Missing character: There is no í in font cmr12!

LaTeX Warning: Reference `fig:sinslit' on page 2 undefined on input line 56.

Missing character: There is no Ô in font cmr12!
Missing character: There is no ¨ in font cmr12!
Missing character: There is no Å in font cmr12!
[2 <C:/Users/shadow/Documents/Lab 2012/GitHub/Phys4321/Two Slit/Latex/images/Eq
uations.png>]
Underfull \vbox (badness 10000) has occurred while \output is active []


<images/Labphoto1.png, id=16, 207.02344pt x 450.18187pt>
File: images/Labphoto1.png Graphic file (type png)

<use images/Labphoto1.png>
Package pdftex.def Info: images/Labphoto1.png used on input line 65.
(pdftex.def)             Requested size: 216.81pt x 471.47533pt.
Missing character: There is no ‚ in font cmr12!
Missing character: There is no Ä in font cmr12!
Missing character: There is no ô in font cmr12!
Missing character: There is no ‚ in font cmr12!
Missing character: There is no Ä in font cmr12!
Missing character: There is no ú in font cmr12!
Missing character: There is no ‚ in font cmr12!
Missing character: There is no Ä in font cmr12!
Missing character: There is no ù in font cmr12!
Missing character: There is no ‚ in font cmr12!
Missing character: There is no Ä in font cmr12!
Missing character: There is no ô in font cmr12!
 [3 <C:/Users/shadow/Documents/Lab 2012/GitHub/Phys4321/Two Slit/Latex/images/L
abphoto1.png>]
Underfull \vbox (badness 10000) has occurred while \output is active []


<images/Twoslit.png, id=21, 752.8125pt x 752.8125pt>
File: images/Twoslit.png Graphic file (type png)
 <use images/Twoslit.png>
Package pdftex.def Info: images/Twoslit.png used on input line 76.
(pdftex.def)             Requested size: 216.81pt x 216.80524pt.

<images/Oneslit.png, id=22, 752.8125pt x 752.8125pt>
File: images/Oneslit.png Graphic file (type png)
 <use images/Oneslit.png>
Package pdftex.def Info: images/Oneslit.png used on input line 82.
(pdftex.def)             Requested size: 216.81pt x 216.80524pt.


LaTeX Warning: `!h' float specifier changed to `!ht'.

! Missing $ inserted.
<inserted text> 
                $
l.86 ...ton passes through the two slits every 10^
                                                  -3s. Since the distance fr...
I've inserted a begin-math/end-math symbol since I think
you left one out. Proceed, with fingers crossed.

! Missing $ inserted.
<inserted text> 
                $
l.88 
     
I've inserted a begin-math/end-math symbol since I think
you left one out. Proceed, with fingers crossed.

Missing character: There is no ‚ in font cmr12!
Missing character: There is no Ä in font cmr12!
Missing character: There is no ì in font cmr12!

Underfull \hbox (badness 1237) in paragraph at lines 85--88
\OT1/cmr/m/n/12 mea-sure the to-tal num-ber of pho-tons which
 []


Underfull \hbox (badness 1137) in paragraph at lines 85--88
\OT1/cmr/m/n/12 man-ual of the ap-pa-ra-tus the pho-to-mul-ti-plier
 []


Overfull \hbox (35.13394pt too wide) in paragraph at lines 85--88
\OT1/cmr/m/n/12 10$[]3\OML/cmm/m/it/12 s:Sincethedistancefromthebulbtothedetect
orisL \OT1/cmr/m/n/12 =$
 []


Overfull \hbox (2567.44113pt too wide) in paragraph at lines 85--88
$\OT1/cmr/m/n/12 60\OML/cmm/m/it/12 meterinlengththetimeittakesaphotontotransve
rsethatdistanceis\OT1/cmr/m/n/12 2\OML/cmm/m/it/12 :\OT1/cmr/m/n/12 00138457\OM
L/cmm/m/it/12 s:Observethatthetimebetweenphotoneventsismorethanthreeordersofmag
nitudegreaterthantimeoftravel:Consequentlythereis; onaverage; onlyonephotonmovi
ngthroughthetwoslitsatonetime:Evenwithonlyphotonintheapparatusatatime; interfer
encefringesareobservedinthetimeaverageddatastrongevidenceofthewavenatureoflight
:Thereareothercuriositiesinthedata:Considerthecentralmaximumofdoubleslitdata; w
hichwasfoundtobeandisfoundatthelocationx \OT1/cmr/m/n/12 =$
 []


Overfull \hbox (95.89978pt too wide) in paragraph at lines 85--88
$\OT1/cmr/m/n/12 413\OML/cmm/m/it/12 :\OT1/cmr/m/n/12 5\OML/cmm/m/it/12 microns
:AtthislocationtheintensityforthesingleslitdataisI \OT1/cmr/m/n/12 =$
 []


Overfull \hbox (4040.54402pt too wide) in paragraph at lines 85--88
$\OT1/cmr/m/n/12 4\OML/cmm/m/it/12 :\OT1/cmr/m/n/12 7\OML/cmm/m/it/12 Voltsyeto
nly\OT1/cmr/m/n/12 1050\OML/cmm/m/it/12 photonspersecond:Onemightexpectthatwith
discreeteventsonehasthatifonedoublestheamountofslitsthroughwhichlightcanpassthe
nonewoulddoubletheamountoflightobservedatagivenpoint:However; thisiswrong:Since
thesquarerootoftheintensityoflightisproportionaltotheelectricfieldonecanattribu
tethistothefactthatwhenonecanhaveperfectlyconstructiveinterference; themagnitud
eoftheresultantelectricfieldvectorwillbethesumofthemagnitudesoftheindividualvec
tors:ButthisstrangeadditivepropertyisconsistentwithQuantumElectrodynamics; andh
enceappliesequallywelltoanyothertypeofmatter\OT1/cmr/m/n/12 [5\OML/cmm/m/it/12 
; \OT1/cmr/m/n/12 3]\OML/cmm/m/it/12 :Itisafundamentalpropertyofnature:Uponseei
ngtheaboveresult; onemaybecurioushowallofthephotonsmovingthroughtheapparatusadd
togetherwhenonecanswitchfromsingleslitinterferencetodouble$ 
 []

[4 <C:/Users/shadow/Documents/Lab 2012/GitHub/Phys4321/Two Slit/Latex/images/Tw
oslit.png (PNG copy)>]
No file paper2.bbl.
[5 <C:/Users/shadow/Documents/Lab 2012/GitHub/Phys4321/Two Slit/Latex/images/On
eslit.png (PNG copy)>]
("C:\Users\shadow\Documents\Lab 2012\GitHub\Phys4321\Two Slit\Latex\paper2.aux"
)

LaTeX Warning: There were undefined references.


LaTeX Warning: There were multiply-defined labels.

 ) 
Here is how much of TeX's memory you used:
 1747 strings out of 494045
 23985 string characters out of 3149189
 89955 words of memory out of 3000000
 5056 multiletter control sequences out of 15000+200000
 8501 words of font info for 30 fonts, out of 3000000 for 9000
 715 hyphenation exceptions out of 8191
 27i,7n,32p,2479b,215s stack positions out of 5000i,500n,10000p,200000b,50000s
<C:/Program Files/MiKTeX29/fonts/type1/public/amsfonts/cm/cmbx12.pfb><C:/Prog
ram Files/MiKTeX29/fonts/type1/public/amsfonts/cm/cmmi12.pfb><C:/Program Files/
MiKTeX29/fonts/type1/public/amsfonts/cm/cmr12.pfb><C:/Program Files/MiKTeX29/fo
nts/type1/public/amsfonts/cm/cmr17.pfb><C:/Program Files/MiKTeX29/fonts/type1/p
ublic/amsfonts/cm/cmr8.pfb><C:/Program Files/MiKTeX29/fonts/type1/public/amsfon
ts/cm/cmsy8.pfb>
Output written on paper2.pdf (5 pages, 246622 bytes).
PDF statistics:
 49 PDF objects out of 1000 (max. 8388607)
 0 named destinations out of 1000 (max. 500000)
 26 words of extra memory for PDF output out of 10000 (max. 10000000)

